{"C:\\Users\\pazna\\Documents\\Faks\\6. semestar\\OICAR\\fakehak-web\\src\\api\\auth.js": {"path":"C:\\Users\\pazna\\Documents\\Faks\\6. semestar\\OICAR\\fakehak-web\\src\\api\\auth.js","statementMap":{"0":{"start":{"line":3,"column":23},"end":{"line":6,"column":1}},"1":{"start":{"line":5,"column":20},"end":{"line":5,"column":53}}},"fnMap":{"0":{"name":"(anonymous_0)","decl":{"start":{"line":5,"column":9},"end":{"line":5,"column":10}},"loc":{"start":{"line":5,"column":20},"end":{"line":5,"column":53}},"line":5}},"branchMap":{},"s":{"0":2,"1":0},"f":{"0":0},"b":{},"meta":{"lastBranch":0,"lastFunction":1,"lastStatement":2,"seen":{"s:3:23:6:1":0,"f:5:9:5:10":0,"s:5:20:5:53":1}}}
,"C:\\Users\\pazna\\Documents\\Faks\\6. semestar\\OICAR\\fakehak-web\\src\\api\\cases.js": {"path":"C:\\Users\\pazna\\Documents\\Faks\\6. semestar\\OICAR\\fakehak-web\\src\\api\\cases.js","statementMap":{"0":{"start":{"line":3,"column":24},"end":{"line":16,"column":1}},"1":{"start":{"line":4,"column":33},"end":{"line":4,"column":53}},"2":{"start":{"line":5,"column":33},"end":{"line":5,"column":60}},"3":{"start":{"line":6,"column":33},"end":{"line":6,"column":70}},"4":{"start":{"line":7,"column":33},"end":{"line":7,"column":68}},"5":{"start":{"line":8,"column":33},"end":{"line":8,"column":59}},"6":{"start":{"line":11,"column":33},"end":{"line":11,"column":60}},"7":{"start":{"line":13,"column":33},"end":{"line":13,"column":80}},"8":{"start":{"line":14,"column":35},"end":{"line":14,"column":107}},"9":{"start":{"line":15,"column":33},"end":{"line":15,"column":91}}},"fnMap":{"0":{"name":"(anonymous_0)","decl":{"start":{"line":4,"column":17},"end":{"line":4,"column":18}},"loc":{"start":{"line":4,"column":33},"end":{"line":4,"column":53}},"line":4},"1":{"name":"(anonymous_1)","decl":{"start":{"line":5,"column":17},"end":{"line":5,"column":18}},"loc":{"start":{"line":5,"column":33},"end":{"line":5,"column":60}},"line":5},"2":{"name":"(anonymous_2)","decl":{"start":{"line":6,"column":17},"end":{"line":6,"column":18}},"loc":{"start":{"line":6,"column":33},"end":{"line":6,"column":70}},"line":6},"3":{"name":"(anonymous_3)","decl":{"start":{"line":7,"column":17},"end":{"line":7,"column":18}},"loc":{"start":{"line":7,"column":33},"end":{"line":7,"column":68}},"line":7},"4":{"name":"(anonymous_4)","decl":{"start":{"line":8,"column":17},"end":{"line":8,"column":18}},"loc":{"start":{"line":8,"column":33},"end":{"line":8,"column":59}},"line":8},"5":{"name":"(anonymous_5)","decl":{"start":{"line":11,"column":17},"end":{"line":11,"column":18}},"loc":{"start":{"line":11,"column":33},"end":{"line":11,"column":60}},"line":11},"6":{"name":"(anonymous_6)","decl":{"start":{"line":13,"column":17},"end":{"line":13,"column":18}},"loc":{"start":{"line":13,"column":33},"end":{"line":13,"column":80}},"line":13},"7":{"name":"(anonymous_7)","decl":{"start":{"line":14,"column":17},"end":{"line":14,"column":18}},"loc":{"start":{"line":14,"column":35},"end":{"line":14,"column":107}},"line":14},"8":{"name":"(anonymous_8)","decl":{"start":{"line":15,"column":17},"end":{"line":15,"column":18}},"loc":{"start":{"line":15,"column":33},"end":{"line":15,"column":91}},"line":15}},"branchMap":{},"s":{"0":1,"1":0,"2":0,"3":0,"4":0,"5":0,"6":0,"7":0,"8":0,"9":0},"f":{"0":0,"1":0,"2":0,"3":0,"4":0,"5":0,"6":0,"7":0,"8":0},"b":{},"meta":{"lastBranch":0,"lastFunction":9,"lastStatement":10,"seen":{"s:3:24:16:1":0,"f:4:17:4:18":0,"s:4:33:4:53":1,"f:5:17:5:18":1,"s:5:33:5:60":2,"f:6:17:6:18":2,"s:6:33:6:70":3,"f:7:17:7:18":3,"s:7:33:7:68":4,"f:8:17:8:18":4,"s:8:33:8:59":5,"f:11:17:11:18":5,"s:11:33:11:60":6,"f:13:17:13:18":6,"s:13:33:13:80":7,"f:14:17:14:18":7,"s:14:35:14:107":8,"f:15:17:15:18":8,"s:15:33:15:91":9}}}
,"C:\\Users\\pazna\\Documents\\Faks\\6. semestar\\OICAR\\fakehak-web\\src\\api\\client.js": {"path":"C:\\Users\\pazna\\Documents\\Faks\\6. semestar\\OICAR\\fakehak-web\\src\\api\\client.js","statementMap":{"0":{"start":{"line":1,"column":17},"end":{"line":1,"column":78}},"1":{"start":{"line":5,"column":4},"end":{"line":5,"column":null}},"2":{"start":{"line":6,"column":4},"end":{"line":6,"column":null}},"3":{"start":{"line":7,"column":4},"end":{"line":7,"column":null}},"4":{"start":{"line":12,"column":2},"end":{"line":12,"column":null}},"5":{"start":{"line":16,"column":16},"end":{"line":16,"column":26}},"6":{"start":{"line":17,"column":18},"end":{"line":17,"column":56}},"7":{"start":{"line":18,"column":2},"end":{"line":18,"column":null}},"8":{"start":{"line":18,"column":13},"end":{"line":18,"column":null}},"9":{"start":{"line":20,"column":14},"end":{"line":24,"column":4}},"10":{"start":{"line":26,"column":2},"end":{"line":26,"column":null}},"11":{"start":{"line":26,"column":26},"end":{"line":26,"column":null}},"12":{"start":{"line":28,"column":15},"end":{"line":28,"column":88}},"13":{"start":{"line":28,"column":45},"end":{"line":28,"column":86}},"14":{"start":{"line":30,"column":2},"end":{"line":32,"column":null}},"15":{"start":{"line":31,"column":4},"end":{"line":31,"column":null}},"16":{"start":{"line":34,"column":2},"end":{"line":34,"column":null}},"17":{"start":{"line":37,"column":22},"end":{"line":43,"column":1}},"18":{"start":{"line":38,"column":28},"end":{"line":38,"column":51}},"19":{"start":{"line":39,"column":28},"end":{"line":39,"column":57}},"20":{"start":{"line":40,"column":28},"end":{"line":40,"column":57}},"21":{"start":{"line":41,"column":28},"end":{"line":41,"column":57}},"22":{"start":{"line":42,"column":28},"end":{"line":42,"column":51}}},"fnMap":{"0":{"name":"(anonymous_0)","decl":{"start":{"line":4,"column":2},"end":{"line":4,"column":13}},"loc":{"start":{"line":4,"column":31},"end":{"line":8,"column":null}},"line":4},"1":{"name":"getToken","decl":{"start":{"line":11,"column":9},"end":{"line":11,"column":17}},"loc":{"start":{"line":11,"column":20},"end":{"line":13,"column":null}},"line":11},"2":{"name":"request","decl":{"start":{"line":15,"column":15},"end":{"line":15,"column":22}},"loc":{"start":{"line":15,"column":55},"end":{"line":35,"column":null}},"line":15},"3":{"name":"(anonymous_3)","decl":{"start":{"line":28,"column":38},"end":{"line":28,"column":39}},"loc":{"start":{"line":28,"column":45},"end":{"line":28,"column":86}},"line":28},"4":{"name":"(anonymous_4)","decl":{"start":{"line":38,"column":10},"end":{"line":38,"column":11}},"loc":{"start":{"line":38,"column":28},"end":{"line":38,"column":51}},"line":38},"5":{"name":"(anonymous_5)","decl":{"start":{"line":39,"column":10},"end":{"line":39,"column":11}},"loc":{"start":{"line":39,"column":28},"end":{"line":39,"column":57}},"line":39},"6":{"name":"(anonymous_6)","decl":{"start":{"line":40,"column":10},"end":{"line":40,"column":11}},"loc":{"start":{"line":40,"column":28},"end":{"line":40,"column":57}},"line":40},"7":{"name":"(anonymous_7)","decl":{"start":{"line":41,"column":10},"end":{"line":41,"column":11}},"loc":{"start":{"line":41,"column":28},"end":{"line":41,"column":57}},"line":41},"8":{"name":"(anonymous_8)","decl":{"start":{"line":42,"column":10},"end":{"line":42,"column":11}},"loc":{"start":{"line":42,"column":28},"end":{"line":42,"column":51}},"line":42}},"branchMap":{"0":{"loc":{"start":{"line":1,"column":17},"end":{"line":1,"column":78}},"type":"binary-expr","locations":[{"start":{"line":1,"column":17},"end":{"line":1,"column":47}},{"start":{"line":1,"column":51},"end":{"line":1,"column":78}}],"line":1},"1":{"loc":{"start":{"line":15,"column":37},"end":{"line":15,"column":53}},"type":"default-arg","locations":[{"start":{"line":15,"column":44},"end":{"line":15,"column":53}}],"line":15},"2":{"loc":{"start":{"line":18,"column":2},"end":{"line":18,"column":null}},"type":"if","locations":[{"start":{"line":18,"column":2},"end":{"line":18,"column":null}},{"start":{},"end":{}}],"line":18},"3":{"loc":{"start":{"line":23,"column":10},"end":{"line":23,"column":63}},"type":"cond-expr","locations":[{"start":{"line":23,"column":31},"end":{"line":23,"column":51}},{"start":{"line":23,"column":54},"end":{"line":23,"column":63}}],"line":23},"4":{"loc":{"start":{"line":26,"column":2},"end":{"line":26,"column":null}},"type":"if","locations":[{"start":{"line":26,"column":2},"end":{"line":26,"column":null}},{"start":{},"end":{}}],"line":26},"5":{"loc":{"start":{"line":30,"column":2},"end":{"line":32,"column":null}},"type":"if","locations":[{"start":{"line":30,"column":2},"end":{"line":32,"column":null}},{"start":{},"end":{}}],"line":30},"6":{"loc":{"start":{"line":31,"column":35},"end":{"line":31,"column":72}},"type":"binary-expr","locations":[{"start":{"line":31,"column":35},"end":{"line":31,"column":48}},{"start":{"line":31,"column":52},"end":{"line":31,"column":72}}],"line":31}},"s":{"0":4,"1":3,"2":3,"3":3,"4":12,"5":12,"6":12,"7":12,"8":1,"9":12,"10":12,"11":2,"12":10,"13":1,"14":10,"15":3,"16":7,"17":4,"18":8,"19":1,"20":1,"21":1,"22":1},"f":{"0":3,"1":12,"2":12,"3":1,"4":8,"5":1,"6":1,"7":1,"8":1},"b":{"0":[4,4],"1":[12],"2":[1,11],"3":[3,9],"4":[2,10],"5":[3,7],"6":[3,0]},"meta":{"lastBranch":7,"lastFunction":9,"lastStatement":23,"seen":{"s:1:17:1:78":0,"b:1:17:1:47:1:51:1:78":0,"f:4:2:4:13":0,"s:5:4:5:Infinity":1,"s:6:4:6:Infinity":2,"s:7:4:7:Infinity":3,"f:11:9:11:17":1,"s:12:2:12:Infinity":4,"f:15:15:15:22":2,"b:15:44:15:53":1,"s:16:16:16:26":5,"s:17:18:17:56":6,"b:18:2:18:Infinity:undefined:undefined:undefined:undefined":2,"s:18:2:18:Infinity":7,"s:18:13:18:Infinity":8,"s:20:14:24:4":9,"b:23:31:23:51:23:54:23:63":3,"b:26:2:26:Infinity:undefined:undefined:undefined:undefined":4,"s:26:2:26:Infinity":10,"s:26:26:26:Infinity":11,"s:28:15:28:88":12,"f:28:38:28:39":3,"s:28:45:28:86":13,"b:30:2:32:Infinity:undefined:undefined:undefined:undefined":5,"s:30:2:32:Infinity":14,"s:31:4:31:Infinity":15,"b:31:35:31:48:31:52:31:72":6,"s:34:2:34:Infinity":16,"s:37:22:43:1":17,"f:38:10:38:11":4,"s:38:28:38:51":18,"f:39:10:39:11":5,"s:39:28:39:57":19,"f:40:10:40:11":6,"s:40:28:40:57":20,"f:41:10:41:11":7,"s:41:28:41:57":21,"f:42:10:42:11":8,"s:42:28:42:51":22}}}
,"C:\\Users\\pazna\\Documents\\Faks\\6. semestar\\OICAR\\fakehak-web\\src\\api\\index.js": {"path":"C:\\Users\\pazna\\Documents\\Faks\\6. semestar\\OICAR\\fakehak-web\\src\\api\\index.js","statementMap":{"0":{"start":{"line":4,"column":24},"end":{"line":8,"column":1}},"1":{"start":{"line":5,"column":39},"end":{"line":5,"column":75}},"2":{"start":{"line":7,"column":4},"end":{"line":7,"column":66}},"3":{"start":{"line":10,"column":24},"end":{"line":17,"column":1}},"4":{"start":{"line":11,"column":24},"end":{"line":11,"column":44}},"5":{"start":{"line":12,"column":24},"end":{"line":12,"column":50}},"6":{"start":{"line":13,"column":24},"end":{"line":13,"column":47}},"7":{"start":{"line":14,"column":24},"end":{"line":14,"column":60}},"8":{"start":{"line":15,"column":24},"end":{"line":15,"column":53}},"9":{"start":{"line":16,"column":24},"end":{"line":16,"column":53}},"10":{"start":{"line":19,"column":28},"end":{"line":25,"column":1}},"11":{"start":{"line":20,"column":23},"end":{"line":20,"column":47}},"12":{"start":{"line":21,"column":23},"end":{"line":21,"column":53}},"13":{"start":{"line":22,"column":23},"end":{"line":22,"column":54}},"14":{"start":{"line":23,"column":23},"end":{"line":23,"column":56}},"15":{"start":{"line":24,"column":23},"end":{"line":24,"column":56}},"16":{"start":{"line":27,"column":27},"end":{"line":33,"column":1}},"17":{"start":{"line":28,"column":32},"end":{"line":28,"column":68}},"18":{"start":{"line":29,"column":32},"end":{"line":29,"column":75}},"19":{"start":{"line":30,"column":32},"end":{"line":30,"column":75}},"20":{"start":{"line":31,"column":32},"end":{"line":31,"column":78}},"21":{"start":{"line":32,"column":32},"end":{"line":32,"column":78}}},"fnMap":{"0":{"name":"(anonymous_0)","decl":{"start":{"line":5,"column":13},"end":{"line":5,"column":14}},"loc":{"start":{"line":5,"column":39},"end":{"line":5,"column":75}},"line":5},"1":{"name":"(anonymous_1)","decl":{"start":{"line":6,"column":13},"end":{"line":6,"column":14}},"loc":{"start":{"line":7,"column":4},"end":{"line":7,"column":66}},"line":7},"2":{"name":"(anonymous_2)","decl":{"start":{"line":11,"column":13},"end":{"line":11,"column":14}},"loc":{"start":{"line":11,"column":24},"end":{"line":11,"column":44}},"line":11},"3":{"name":"(anonymous_3)","decl":{"start":{"line":12,"column":13},"end":{"line":12,"column":14}},"loc":{"start":{"line":12,"column":24},"end":{"line":12,"column":50}},"line":12},"4":{"name":"(anonymous_4)","decl":{"start":{"line":13,"column":13},"end":{"line":13,"column":14}},"loc":{"start":{"line":13,"column":24},"end":{"line":13,"column":47}},"line":13},"5":{"name":"(anonymous_5)","decl":{"start":{"line":14,"column":13},"end":{"line":14,"column":14}},"loc":{"start":{"line":14,"column":24},"end":{"line":14,"column":60}},"line":14},"6":{"name":"(anonymous_6)","decl":{"start":{"line":15,"column":13},"end":{"line":15,"column":14}},"loc":{"start":{"line":15,"column":24},"end":{"line":15,"column":53}},"line":15},"7":{"name":"(anonymous_7)","decl":{"start":{"line":16,"column":13},"end":{"line":16,"column":14}},"loc":{"start":{"line":16,"column":24},"end":{"line":16,"column":53}},"line":16},"8":{"name":"(anonymous_8)","decl":{"start":{"line":20,"column":11},"end":{"line":20,"column":12}},"loc":{"start":{"line":20,"column":23},"end":{"line":20,"column":47}},"line":20},"9":{"name":"(anonymous_9)","decl":{"start":{"line":21,"column":11},"end":{"line":21,"column":12}},"loc":{"start":{"line":21,"column":23},"end":{"line":21,"column":53}},"line":21},"10":{"name":"(anonymous_10)","decl":{"start":{"line":22,"column":11},"end":{"line":22,"column":12}},"loc":{"start":{"line":22,"column":23},"end":{"line":22,"column":54}},"line":22},"11":{"name":"(anonymous_11)","decl":{"start":{"line":23,"column":11},"end":{"line":23,"column":12}},"loc":{"start":{"line":23,"column":23},"end":{"line":23,"column":56}},"line":23},"12":{"name":"(anonymous_12)","decl":{"start":{"line":24,"column":11},"end":{"line":24,"column":12}},"loc":{"start":{"line":24,"column":23},"end":{"line":24,"column":56}},"line":24},"13":{"name":"(anonymous_13)","decl":{"start":{"line":28,"column":14},"end":{"line":28,"column":15}},"loc":{"start":{"line":28,"column":32},"end":{"line":28,"column":68}},"line":28},"14":{"name":"(anonymous_14)","decl":{"start":{"line":29,"column":14},"end":{"line":29,"column":15}},"loc":{"start":{"line":29,"column":32},"end":{"line":29,"column":75}},"line":29},"15":{"name":"(anonymous_15)","decl":{"start":{"line":30,"column":14},"end":{"line":30,"column":15}},"loc":{"start":{"line":30,"column":32},"end":{"line":30,"column":75}},"line":30},"16":{"name":"(anonymous_16)","decl":{"start":{"line":31,"column":14},"end":{"line":31,"column":15}},"loc":{"start":{"line":31,"column":32},"end":{"line":31,"column":78}},"line":31},"17":{"name":"(anonymous_17)","decl":{"start":{"line":32,"column":14},"end":{"line":32,"column":15}},"loc":{"start":{"line":32,"column":32},"end":{"line":32,"column":78}},"line":32}},"branchMap":{},"s":{"0":1,"1":0,"2":0,"3":1,"4":0,"5":0,"6":0,"7":0,"8":0,"9":0,"10":1,"11":0,"12":0,"13":0,"14":0,"15":0,"16":1,"17":0,"18":0,"19":0,"20":0,"21":0},"f":{"0":0,"1":0,"2":0,"3":0,"4":0,"5":0,"6":0,"7":0,"8":0,"9":0,"10":0,"11":0,"12":0,"13":0,"14":0,"15":0,"16":0,"17":0},"b":{},"meta":{"lastBranch":0,"lastFunction":18,"lastStatement":22,"seen":{"s:4:24:8:1":0,"f:5:13:5:14":0,"s:5:39:5:75":1,"f:6:13:6:14":1,"s:7:4:7:66":2,"s:10:24:17:1":3,"f:11:13:11:14":2,"s:11:24:11:44":4,"f:12:13:12:14":3,"s:12:24:12:50":5,"f:13:13:13:14":4,"s:13:24:13:47":6,"f:14:13:14:14":5,"s:14:24:14:60":7,"f:15:13:15:14":6,"s:15:24:15:53":8,"f:16:13:16:14":7,"s:16:24:16:53":9,"s:19:28:25:1":10,"f:20:11:20:12":8,"s:20:23:20:47":11,"f:21:11:21:12":9,"s:21:23:21:53":12,"f:22:11:22:12":10,"s:22:23:22:54":13,"f:23:11:23:12":11,"s:23:23:23:56":14,"f:24:11:24:12":12,"s:24:23:24:56":15,"s:27:27:33:1":16,"f:28:14:28:15":13,"s:28:32:28:68":17,"f:29:14:29:15":14,"s:29:32:29:75":18,"f:30:14:30:15":15,"s:30:32:30:75":19,"f:31:14:31:15":16,"s:31:32:31:78":20,"f:32:14:32:15":17,"s:32:32:32:78":21}}}
,"C:\\Users\\pazna\\Documents\\Faks\\6. semestar\\OICAR\\fakehak-web\\src\\components\\ui\\index.jsx": {"path":"C:\\Users\\pazna\\Documents\\Faks\\6. semestar\\OICAR\\fakehak-web\\src\\components\\ui\\index.jsx","statementMap":{"0":{"start":{"line":2,"column":16},"end":{"line":25,"column":null}},"1":{"start":{"line":27,"column":2},"end":{"line":37,"column":null}},"2":{"start":{"line":44,"column":8},"end":{"line":44,"column":null}},"3":{"start":{"line":45,"column":19},"end":{"line":45,"column":null}},"4":{"start":{"line":46,"column":19},"end":{"line":46,"column":null}},"5":{"start":{"line":48,"column":2},"end":{"line":59,"column":null}},"6":{"start":{"line":63,"column":17},"end":{"line":69,"column":null}},"7":{"start":{"line":68,"column":29},"end":{"line":68,"column":null}},"8":{"start":{"line":72,"column":12},"end":{"line":74,"column":null}},"9":{"start":{"line":76,"column":2},"end":{"line":91,"column":null}},"10":{"start":{"line":96,"column":22},"end":{"line":101,"column":null}},"11":{"start":{"line":103,"column":2},"end":{"line":112,"column":null}},"12":{"start":{"line":117,"column":2},"end":{"line":133,"column":null}},"13":{"start":{"line":130,"column":10},"end":{"line":130,"column":null}},"14":{"start":{"line":138,"column":2},"end":{"line":146,"column":null}},"15":{"start":{"line":151,"column":2},"end":{"line":158,"column":null}},"16":{"start":{"line":163,"column":2},"end":{"line":163,"column":null}},"17":{"start":{"line":163,"column":16},"end":{"line":163,"column":null}},"18":{"start":{"line":164,"column":2},"end":{"line":172,"column":null}},"19":{"start":{"line":177,"column":2},"end":{"line":180,"column":null}}},"fnMap":{"0":{"name":"Icon","decl":{"start":{"line":1,"column":16},"end":{"line":1,"column":21}},"loc":{"start":{"line":1,"column":58},"end":{"line":39,"column":null}},"line":1},"1":{"name":"StatusBadge","decl":{"start":{"line":43,"column":16},"end":{"line":43,"column":28}},"loc":{"start":{"line":43,"column":53},"end":{"line":61,"column":null}},"line":43},"2":{"name":"(anonymous_2)","decl":{"start":{"line":68,"column":13},"end":{"line":68,"column":14}},"loc":{"start":{"line":68,"column":29},"end":{"line":68,"column":null}},"line":68},"3":{"name":"Button","decl":{"start":{"line":71,"column":16},"end":{"line":71,"column":23}},"loc":{"start":{"line":71,"column":144},"end":{"line":93,"column":null}},"line":71},"4":{"name":"Input","decl":{"start":{"line":95,"column":16},"end":{"line":95,"column":22}},"loc":{"start":{"line":95,"column":130},"end":{"line":114,"column":null}},"line":95},"5":{"name":"Select","decl":{"start":{"line":116,"column":16},"end":{"line":116,"column":23}},"loc":{"start":{"line":116,"column":83},"end":{"line":135,"column":null}},"line":116},"6":{"name":"(anonymous_6)","decl":{"start":{"line":129,"column":21},"end":{"line":129,"column":null}},"loc":{"start":{"line":130,"column":10},"end":{"line":130,"column":null}},"line":130},"7":{"name":"Spinner","decl":{"start":{"line":137,"column":16},"end":{"line":137,"column":24}},"loc":{"start":{"line":137,"column":64},"end":{"line":148,"column":null}},"line":137},"8":{"name":"EmptyState","decl":{"start":{"line":150,"column":16},"end":{"line":150,"column":27}},"loc":{"start":{"line":150,"column":54},"end":{"line":160,"column":null}},"line":150},"9":{"name":"ErrorBanner","decl":{"start":{"line":162,"column":16},"end":{"line":162,"column":28}},"loc":{"start":{"line":162,"column":41},"end":{"line":174,"column":null}},"line":162},"10":{"name":"SectionLabel","decl":{"start":{"line":176,"column":16},"end":{"line":176,"column":29}},"loc":{"start":{"line":176,"column":43},"end":{"line":182,"column":null}},"line":176}},"branchMap":{"0":{"loc":{"start":{"line":1,"column":29},"end":{"line":1,"column":40}},"type":"default-arg","locations":[{"start":{"line":1,"column":36},"end":{"line":1,"column":40}}],"line":1},"1":{"loc":{"start":{"line":1,"column":40},"end":{"line":1,"column":55}},"type":"default-arg","locations":[{"start":{"line":1,"column":52},"end":{"line":1,"column":55}}],"line":1},"2":{"loc":{"start":{"line":36,"column":7},"end":{"line":36,"column":null}},"type":"binary-expr","locations":[{"start":{"line":36,"column":7},"end":{"line":36,"column":22}},{"start":{"line":36,"column":22},"end":{"line":36,"column":null}}],"line":36},"3":{"loc":{"start":{"line":43,"column":38},"end":{"line":43,"column":50}},"type":"default-arg","locations":[{"start":{"line":43,"column":45},"end":{"line":43,"column":50}}],"line":43},"4":{"loc":{"start":{"line":45,"column":19},"end":{"line":45,"column":null}},"type":"cond-expr","locations":[{"start":{"line":45,"column":35},"end":{"line":45,"column":40}},{"start":{"line":45,"column":40},"end":{"line":45,"column":null}}],"line":45},"5":{"loc":{"start":{"line":46,"column":19},"end":{"line":46,"column":null}},"type":"cond-expr","locations":[{"start":{"line":46,"column":35},"end":{"line":46,"column":47}},{"start":{"line":46,"column":47},"end":{"line":46,"column":null}}],"line":46},"6":{"loc":{"start":{"line":71,"column":35},"end":{"line":71,"column":58}},"type":"default-arg","locations":[{"start":{"line":71,"column":45},"end":{"line":71,"column":58}}],"line":71},"7":{"loc":{"start":{"line":71,"column":77},"end":{"line":71,"column":94}},"type":"default-arg","locations":[{"start":{"line":71,"column":84},"end":{"line":71,"column":94}}],"line":71},"8":{"loc":{"start":{"line":71,"column":112},"end":{"line":71,"column":129}},"type":"default-arg","locations":[{"start":{"line":71,"column":125},"end":{"line":71,"column":129}}],"line":71},"9":{"loc":{"start":{"line":72,"column":12},"end":{"line":74,"column":null}},"type":"cond-expr","locations":[{"start":{"line":73,"column":6},"end":{"line":73,"column":null}},{"start":{"line":74,"column":7},"end":{"line":74,"column":null}}],"line":72},"10":{"loc":{"start":{"line":72,"column":12},"end":{"line":72,"column":null}},"type":"binary-expr","locations":[{"start":{"line":72,"column":12},"end":{"line":72,"column":36}},{"start":{"line":72,"column":36},"end":{"line":72,"column":null}}],"line":72},"11":{"loc":{"start":{"line":74,"column":7},"end":{"line":74,"column":null}},"type":"binary-expr","locations":[{"start":{"line":74,"column":7},"end":{"line":74,"column":28}},{"start":{"line":74,"column":28},"end":{"line":74,"column":null}}],"line":74},"12":{"loc":{"start":{"line":84,"column":47},"end":{"line":84,"column":null}},"type":"cond-expr","locations":[{"start":{"line":84,"column":58},"end":{"line":84,"column":74}},{"start":{"line":84,"column":74},"end":{"line":84,"column":null}}],"line":84},"13":{"loc":{"start":{"line":85,"column":17},"end":{"line":85,"column":37}},"type":"cond-expr","locations":[{"start":{"line":85,"column":28},"end":{"line":85,"column":34}},{"start":{"line":85,"column":34},"end":{"line":85,"column":37}}],"line":85},"14":{"loc":{"start":{"line":86,"column":15},"end":{"line":86,"column":44}},"type":"cond-expr","locations":[{"start":{"line":86,"column":27},"end":{"line":86,"column":36}},{"start":{"line":86,"column":36},"end":{"line":86,"column":44}}],"line":86},"15":{"loc":{"start":{"line":95,"column":61},"end":{"line":95,"column":76}},"type":"default-arg","locations":[{"start":{"line":95,"column":68},"end":{"line":95,"column":76}}],"line":95},"16":{"loc":{"start":{"line":95,"column":118},"end":{"line":95,"column":127}},"type":"default-arg","locations":[{"start":{"line":95,"column":125},"end":{"line":95,"column":127}}],"line":95},"17":{"loc":{"start":{"line":105,"column":7},"end":{"line":105,"column":null}},"type":"binary-expr","locations":[{"start":{"line":105,"column":7},"end":{"line":105,"column":16}},{"start":{"line":105,"column":16},"end":{"line":105,"column":null}}],"line":105},"18":{"loc":{"start":{"line":106,"column":7},"end":{"line":110,"column":null}},"type":"cond-expr","locations":[{"start":{"line":107,"column":10},"end":{"line":108,"column":null}},{"start":{"line":109,"column":10},"end":{"line":110,"column":null}}],"line":106},"19":{"loc":{"start":{"line":119,"column":7},"end":{"line":119,"column":null}},"type":"binary-expr","locations":[{"start":{"line":119,"column":7},"end":{"line":119,"column":16}},{"start":{"line":119,"column":16},"end":{"line":119,"column":null}}],"line":119},"20":{"loc":{"start":{"line":124,"column":72},"end":{"line":124,"column":null}},"type":"cond-expr","locations":[{"start":{"line":124,"column":80},"end":{"line":124,"column":104}},{"start":{"line":124,"column":104},"end":{"line":124,"column":null}}],"line":124},"21":{"loc":{"start":{"line":125,"column":79},"end":{"line":125,"column":null}},"type":"cond-expr","locations":[{"start":{"line":125,"column":90},"end":{"line":125,"column":106}},{"start":{"line":125,"column":106},"end":{"line":125,"column":null}}],"line":125},"22":{"loc":{"start":{"line":128,"column":9},"end":{"line":128,"column":null}},"type":"binary-expr","locations":[{"start":{"line":128,"column":9},"end":{"line":128,"column":24}},{"start":{"line":128,"column":24},"end":{"line":128,"column":null}}],"line":128},"23":{"loc":{"start":{"line":130,"column":44},"end":{"line":130,"column":59}},"type":"binary-expr","locations":[{"start":{"line":130,"column":44},"end":{"line":130,"column":55}},{"start":{"line":130,"column":55},"end":{"line":130,"column":59}}],"line":130},"24":{"loc":{"start":{"line":130,"column":59},"end":{"line":130,"column":72}},"type":"binary-expr","locations":[{"start":{"line":130,"column":59},"end":{"line":130,"column":70}},{"start":{"line":130,"column":70},"end":{"line":130,"column":72}}],"line":130},"25":{"loc":{"start":{"line":130,"column":23},"end":{"line":130,"column":37}},"type":"binary-expr","locations":[{"start":{"line":130,"column":23},"end":{"line":130,"column":34}},{"start":{"line":130,"column":34},"end":{"line":130,"column":37}}],"line":130},"26":{"loc":{"start":{"line":137,"column":26},"end":{"line":137,"column":37}},"type":"default-arg","locations":[{"start":{"line":137,"column":33},"end":{"line":137,"column":37}}],"line":137},"27":{"loc":{"start":{"line":137,"column":37},"end":{"line":137,"column":61}},"type":"default-arg","locations":[{"start":{"line":137,"column":45},"end":{"line":137,"column":61}}],"line":137},"28":{"loc":{"start":{"line":156,"column":9},"end":{"line":156,"column":null}},"type":"binary-expr","locations":[{"start":{"line":156,"column":9},"end":{"line":156,"column":21}},{"start":{"line":156,"column":21},"end":{"line":156,"column":null}}],"line":156},"29":{"loc":{"start":{"line":163,"column":2},"end":{"line":163,"column":null}},"type":"if","locations":[{"start":{"line":163,"column":2},"end":{"line":163,"column":null}},{"start":{},"end":{}}],"line":163}},"s":{"0":17,"1":17,"2":4,"3":4,"4":4,"5":4,"6":2,"7":0,"8":15,"9":15,"10":5,"11":5,"12":5,"13":15,"14":3,"15":3,"16":15,"17":13,"18":2,"19":0},"f":{"0":17,"1":4,"2":0,"3":15,"4":5,"5":5,"6":15,"7":3,"8":3,"9":15,"10":0},"b":{"0":[17],"1":[17],"2":[17,0],"3":[4],"4":[0,4],"5":[0,4],"6":[15],"7":[15],"8":[15],"9":[0,15],"10":[15,0],"11":[15,0],"12":[4,11],"13":[4,11],"14":[12,3],"15":[5],"16":[5],"17":[5,1],"18":[1,4],"19":[5,1],"20":[0,5],"21":[1,4],"22":[5,1],"23":[15,0],"24":[15,0],"25":[15,0],"26":[3],"27":[3],"28":[3,1],"29":[13,2]},"meta":{"lastBranch":30,"lastFunction":11,"lastStatement":20,"seen":{"f:1:16:1:21":0,"b:1:36:1:40":0,"b:1:52:1:55":1,"s:2:16:25:Infinity":0,"s:27:2:37:Infinity":1,"b:36:7:36:22:36:22:36:Infinity":2,"f:43:16:43:28":1,"b:43:45:43:50":3,"s:44:8:44:Infinity":2,"s:45:19:45:Infinity":3,"b:45:35:45:40:45:40:45:Infinity":4,"s:46:19:46:Infinity":4,"b:46:35:46:47:46:47:46:Infinity":5,"s:48:2:59:Infinity":5,"s:63:17:69:Infinity":6,"f:68:13:68:14":2,"s:68:29:68:Infinity":7,"f:71:16:71:23":3,"b:71:45:71:58":6,"b:71:84:71:94":7,"b:71:125:71:129":8,"s:72:12:74:Infinity":8,"b:73:6:73:Infinity:74:7:74:Infinity":9,"b:72:12:72:36:72:36:72:Infinity":10,"b:74:7:74:28:74:28:74:Infinity":11,"s:76:2:91:Infinity":9,"b:84:58:84:74:84:74:84:Infinity":12,"b:85:28:85:34:85:34:85:37":13,"b:86:27:86:36:86:36:86:44":14,"f:95:16:95:22":4,"b:95:68:95:76":15,"b:95:125:95:127":16,"s:96:22:101:Infinity":10,"s:103:2:112:Infinity":11,"b:105:7:105:16:105:16:105:Infinity":17,"b:107:10:108:Infinity:109:10:110:Infinity":18,"f:116:16:116:23":5,"s:117:2:133:Infinity":12,"b:119:7:119:16:119:16:119:Infinity":19,"b:124:80:124:104:124:104:124:Infinity":20,"b:125:90:125:106:125:106:125:Infinity":21,"b:128:9:128:24:128:24:128:Infinity":22,"f:129:21:129:Infinity":6,"s:130:10:130:Infinity":13,"b:130:44:130:55:130:55:130:59":23,"b:130:59:130:70:130:70:130:72":24,"b:130:23:130:34:130:34:130:37":25,"f:137:16:137:24":7,"b:137:33:137:37":26,"b:137:45:137:61":27,"s:138:2:146:Infinity":14,"f:150:16:150:27":8,"s:151:2:158:Infinity":15,"b:156:9:156:21:156:21:156:Infinity":28,"f:162:16:162:28":9,"b:163:2:163:Infinity:undefined:undefined:undefined:undefined":29,"s:163:2:163:Infinity":16,"s:163:16:163:Infinity":17,"s:164:2:172:Infinity":18,"f:176:16:176:29":10,"s:177:2:180:Infinity":19}}}
,"C:\\Users\\pazna\\Documents\\Faks\\6. semestar\\OICAR\\fakehak-web\\src\\context\\AuthContext.jsx": {"path":"C:\\Users\\pazna\\Documents\\Faks\\6. semestar\\OICAR\\fakehak-web\\src\\context\\AuthContext.jsx","statementMap":{"0":{"start":{"line":4,"column":6},"end":{"line":4,"column":null}},"1":{"start":{"line":7,"column":24},"end":{"line":7,"column":null}},"2":{"start":{"line":7,"column":45},"end":{"line":7,"column":86}},"3":{"start":{"line":8,"column":23},"end":{"line":8,"column":null}},"4":{"start":{"line":8,"column":45},"end":{"line":8,"column":86}},"5":{"start":{"line":9,"column":24},"end":{"line":9,"column":null}},"6":{"start":{"line":10,"column":28},"end":{"line":10,"column":null}},"7":{"start":{"line":12,"column":8},"end":{"line":28,"column":null}},"8":{"start":{"line":13,"column":4},"end":{"line":13,"column":null}},"9":{"start":{"line":14,"column":4},"end":{"line":14,"column":null}},"10":{"start":{"line":15,"column":4},"end":{"line":27,"column":null}},"11":{"start":{"line":16,"column":19},"end":{"line":16,"column":null}},"12":{"start":{"line":17,"column":6},"end":{"line":17,"column":null}},"13":{"start":{"line":18,"column":6},"end":{"line":18,"column":null}},"14":{"start":{"line":19,"column":6},"end":{"line":19,"column":null}},"15":{"start":{"line":20,"column":6},"end":{"line":20,"column":null}},"16":{"start":{"line":21,"column":6},"end":{"line":21,"column":null}},"17":{"start":{"line":23,"column":6},"end":{"line":23,"column":null}},"18":{"start":{"line":24,"column":6},"end":{"line":24,"column":null}},"19":{"start":{"line":26,"column":6},"end":{"line":26,"column":null}},"20":{"start":{"line":30,"column":8},"end":{"line":34,"column":null}},"21":{"start":{"line":31,"column":4},"end":{"line":31,"column":null}},"22":{"start":{"line":32,"column":4},"end":{"line":32,"column":null}},"23":{"start":{"line":33,"column":4},"end":{"line":33,"column":null}},"24":{"start":{"line":36,"column":26},"end":{"line":36,"column":null}},"25":{"start":{"line":37,"column":23},"end":{"line":37,"column":null}},"26":{"start":{"line":38,"column":23},"end":{"line":38,"column":null}},"27":{"start":{"line":40,"column":2},"end":{"line":43,"column":null}},"28":{"start":{"line":48,"column":8},"end":{"line":48,"column":null}},"29":{"start":{"line":49,"column":2},"end":{"line":49,"column":null}},"30":{"start":{"line":49,"column":12},"end":{"line":49,"column":null}},"31":{"start":{"line":50,"column":2},"end":{"line":50,"column":null}}},"fnMap":{"0":{"name":"AuthProvider","decl":{"start":{"line":6,"column":16},"end":{"line":6,"column":29}},"loc":{"start":{"line":6,"column":43},"end":{"line":45,"column":null}},"line":6},"1":{"name":"(anonymous_1)","decl":{"start":{"line":7,"column":39},"end":{"line":7,"column":45}},"loc":{"start":{"line":7,"column":45},"end":{"line":7,"column":86}},"line":7},"2":{"name":"(anonymous_2)","decl":{"start":{"line":8,"column":39},"end":{"line":8,"column":45}},"loc":{"start":{"line":8,"column":45},"end":{"line":8,"column":86}},"line":8},"3":{"name":"(anonymous_3)","decl":{"start":{"line":12,"column":28},"end":{"line":12,"column":35}},"loc":{"start":{"line":12,"column":60},"end":{"line":28,"column":5}},"line":12},"4":{"name":"(anonymous_4)","decl":{"start":{"line":30,"column":29},"end":{"line":30,"column":35}},"loc":{"start":{"line":30,"column":35},"end":{"line":34,"column":5}},"line":30},"5":{"name":"useAuth","decl":{"start":{"line":47,"column":16},"end":{"line":47,"column":26}},"loc":{"start":{"line":47,"column":26},"end":{"line":51,"column":null}},"line":47}},"branchMap":{"0":{"loc":{"start":{"line":7,"column":45},"end":{"line":7,"column":86}},"type":"binary-expr","locations":[{"start":{"line":7,"column":45},"end":{"line":7,"column":84}},{"start":{"line":7,"column":84},"end":{"line":7,"column":86}}],"line":7},"1":{"loc":{"start":{"line":8,"column":45},"end":{"line":8,"column":86}},"type":"binary-expr","locations":[{"start":{"line":8,"column":45},"end":{"line":8,"column":84}},{"start":{"line":8,"column":84},"end":{"line":8,"column":86}}],"line":8},"2":{"loc":{"start":{"line":23,"column":15},"end":{"line":23,"column":47}},"type":"binary-expr","locations":[{"start":{"line":23,"column":15},"end":{"line":23,"column":28}},{"start":{"line":23,"column":28},"end":{"line":23,"column":47}}],"line":23},"3":{"loc":{"start":{"line":38,"column":23},"end":{"line":38,"column":null}},"type":"binary-expr","locations":[{"start":{"line":38,"column":23},"end":{"line":38,"column":48}},{"start":{"line":38,"column":48},"end":{"line":38,"column":null}}],"line":38},"4":{"loc":{"start":{"line":49,"column":2},"end":{"line":49,"column":null}},"type":"if","locations":[{"start":{"line":49,"column":2},"end":{"line":49,"column":null}},{"start":{},"end":{}}],"line":49}},"s":{"0":2,"1":22,"2":10,"3":22,"4":10,"5":22,"6":22,"7":22,"8":6,"9":6,"10":6,"11":6,"12":3,"13":3,"14":3,"15":3,"16":3,"17":2,"18":2,"19":5,"20":22,"21":1,"22":1,"23":1,"24":22,"25":22,"26":22,"27":22,"28":24,"29":24,"30":0,"31":24},"f":{"0":22,"1":10,"2":10,"3":6,"4":1,"5":24},"b":{"0":[10,9],"1":[10,9],"2":[2,0],"3":[22,21],"4":[0,24]},"meta":{"lastBranch":5,"lastFunction":6,"lastStatement":32,"seen":{"s:4:6:4:Infinity":0,"f:6:16:6:29":0,"s:7:24:7:Infinity":1,"f:7:39:7:45":1,"s:7:45:7:86":2,"b:7:45:7:84:7:84:7:86":0,"s:8:23:8:Infinity":3,"f:8:39:8:45":2,"s:8:45:8:86":4,"b:8:45:8:84:8:84:8:86":1,"s:9:24:9:Infinity":5,"s:10:28:10:Infinity":6,"s:12:8:28:Infinity":7,"f:12:28:12:35":3,"s:13:4:13:Infinity":8,"s:14:4:14:Infinity":9,"s:15:4:27:Infinity":10,"s:16:19:16:Infinity":11,"s:17:6:17:Infinity":12,"s:18:6:18:Infinity":13,"s:19:6:19:Infinity":14,"s:20:6:20:Infinity":15,"s:21:6:21:Infinity":16,"s:23:6:23:Infinity":17,"b:23:15:23:28:23:28:23:47":2,"s:24:6:24:Infinity":18,"s:26:6:26:Infinity":19,"s:30:8:34:Infinity":20,"f:30:29:30:35":4,"s:31:4:31:Infinity":21,"s:32:4:32:Infinity":22,"s:33:4:33:Infinity":23,"s:36:26:36:Infinity":24,"s:37:23:37:Infinity":25,"s:38:23:38:Infinity":26,"b:38:23:38:48:38:48:38:Infinity":3,"s:40:2:43:Infinity":27,"f:47:16:47:26":5,"s:48:8:48:Infinity":28,"b:49:2:49:Infinity:undefined:undefined:undefined:undefined":4,"s:49:2:49:Infinity":29,"s:49:12:49:Infinity":30,"s:50:2:50:Infinity":31}}}
,"C:\\Users\\pazna\\Documents\\Faks\\6. semestar\\OICAR\\fakehak-web\\src\\hooks\\index.js": {"path":"C:\\Users\\pazna\\Documents\\Faks\\6. semestar\\OICAR\\fakehak-web\\src\\hooks\\index.js","statementMap":{"0":{"start":{"line":6,"column":31},"end":{"line":6,"column":46}},"1":{"start":{"line":7,"column":31},"end":{"line":7,"column":47}},"2":{"start":{"line":8,"column":31},"end":{"line":8,"column":44}},"3":{"start":{"line":10,"column":14},"end":{"line":22,"column":14}},"4":{"start":{"line":11,"column":4},"end":{"line":11,"column":null}},"5":{"start":{"line":11,"column":19},"end":{"line":11,"column":35}},"6":{"start":{"line":11,"column":36},"end":{"line":11,"column":43}},"7":{"start":{"line":12,"column":4},"end":{"line":12,"column":null}},"8":{"start":{"line":13,"column":4},"end":{"line":13,"column":null}},"9":{"start":{"line":14,"column":4},"end":{"line":21,"column":null}},"10":{"start":{"line":15,"column":19},"end":{"line":15,"column":49}},"11":{"start":{"line":16,"column":6},"end":{"line":16,"column":null}},"12":{"start":{"line":18,"column":6},"end":{"line":18,"column":null}},"13":{"start":{"line":20,"column":6},"end":{"line":20,"column":null}},"14":{"start":{"line":24,"column":1},"end":{"line":24,"column":null}},"15":{"start":{"line":24,"column":20},"end":{"line":24,"column":27}},"16":{"start":{"line":26,"column":22},"end":{"line":29,"column":20}},"17":{"start":{"line":27,"column":4},"end":{"line":27,"column":null}},"18":{"start":{"line":28,"column":4},"end":{"line":28,"column":null}},"19":{"start":{"line":31,"column":16},"end":{"line":34,"column":20}},"20":{"start":{"line":32,"column":4},"end":{"line":32,"column":null}},"21":{"start":{"line":33,"column":4},"end":{"line":33,"column":null}},"22":{"start":{"line":36,"column":2},"end":{"line":36,"column":null}},"23":{"start":{"line":40,"column":31},"end":{"line":40,"column":44}},"24":{"start":{"line":41,"column":31},"end":{"line":41,"column":47}},"25":{"start":{"line":43,"column":14},"end":{"line":54,"column":14}},"26":{"start":{"line":44,"column":4},"end":{"line":44,"column":null}},"27":{"start":{"line":44,"column":17},"end":{"line":44,"column":null}},"28":{"start":{"line":45,"column":4},"end":{"line":45,"column":null}},"29":{"start":{"line":46,"column":4},"end":{"line":53,"column":null}},"30":{"start":{"line":47,"column":19},"end":{"line":47,"column":51}},"31":{"start":{"line":48,"column":6},"end":{"line":48,"column":null}},"32":{"start":{"line":50,"column":6},"end":{"line":50,"column":null}},"33":{"start":{"line":52,"column":6},"end":{"line":52,"column":null}},"34":{"start":{"line":56,"column":1},"end":{"line":56,"column":null}},"35":{"start":{"line":56,"column":20},"end":{"line":56,"column":27}},"36":{"start":{"line":58,"column":17},"end":{"line":61,"column":20}},"37":{"start":{"line":59,"column":4},"end":{"line":59,"column":null}},"38":{"start":{"line":60,"column":4},"end":{"line":60,"column":null}},"39":{"start":{"line":63,"column":2},"end":{"line":63,"column":null}},"40":{"start":{"line":67,"column":31},"end":{"line":67,"column":44}},"41":{"start":{"line":68,"column":31},"end":{"line":68,"column":47}},"42":{"start":{"line":70,"column":1},"end":{"line":76,"column":null}},"43":{"start":{"line":71,"column":4},"end":{"line":71,"column":null}},"44":{"start":{"line":72,"column":4},"end":{"line":75,"column":null}},"45":{"start":{"line":74,"column":19},"end":{"line":74,"column":31}},"46":{"start":{"line":75,"column":21},"end":{"line":75,"column":38}},"47":{"start":{"line":78,"column":2},"end":{"line":78,"column":null}},"48":{"start":{"line":82,"column":33},"end":{"line":82,"column":46}},"49":{"start":{"line":83,"column":33},"end":{"line":83,"column":49}},"50":{"start":{"line":85,"column":1},"end":{"line":92,"column":null}},"51":{"start":{"line":86,"column":4},"end":{"line":86,"column":null}},"52":{"start":{"line":86,"column":19},"end":{"line":86,"column":35}},"53":{"start":{"line":86,"column":36},"end":{"line":86,"column":43}},"54":{"start":{"line":87,"column":4},"end":{"line":87,"column":null}},"55":{"start":{"line":88,"column":4},"end":{"line":91,"column":null}},"56":{"start":{"line":90,"column":19},"end":{"line":90,"column":34}},"57":{"start":{"line":91,"column":21},"end":{"line":91,"column":38}},"58":{"start":{"line":94,"column":2},"end":{"line":94,"column":null}}},"fnMap":{"0":{"name":"useCaseDetail","decl":{"start":{"line":5,"column":16},"end":{"line":5,"column":29}},"loc":{"start":{"line":5,"column":38},"end":{"line":37,"column":null}},"line":5},"1":{"name":"(anonymous_1)","decl":{"start":{"line":10,"column":27},"end":{"line":10,"column":32}},"loc":{"start":{"line":10,"column":39},"end":{"line":22,"column":3}},"line":10},"2":{"name":"(anonymous_2)","decl":{"start":{"line":24,"column":12},"end":{"line":24,"column":13}},"loc":{"start":{"line":24,"column":18},"end":{"line":24,"column":29}},"line":24},"3":{"name":"(anonymous_3)","decl":{"start":{"line":26,"column":35},"end":{"line":26,"column":40}},"loc":{"start":{"line":26,"column":53},"end":{"line":29,"column":3}},"line":26},"4":{"name":"(anonymous_4)","decl":{"start":{"line":31,"column":29},"end":{"line":31,"column":34}},"loc":{"start":{"line":31,"column":51},"end":{"line":34,"column":3}},"line":31},"5":{"name":"useNotes","decl":{"start":{"line":39,"column":16},"end":{"line":39,"column":24}},"loc":{"start":{"line":39,"column":33},"end":{"line":64,"column":null}},"line":39},"6":{"name":"(anonymous_6)","decl":{"start":{"line":43,"column":27},"end":{"line":43,"column":32}},"loc":{"start":{"line":43,"column":39},"end":{"line":54,"column":3}},"line":43},"7":{"name":"(anonymous_7)","decl":{"start":{"line":56,"column":12},"end":{"line":56,"column":13}},"loc":{"start":{"line":56,"column":18},"end":{"line":56,"column":29}},"line":56},"8":{"name":"(anonymous_8)","decl":{"start":{"line":58,"column":30},"end":{"line":58,"column":35}},"loc":{"start":{"line":58,"column":61},"end":{"line":61,"column":3}},"line":58},"9":{"name":"useUsers","decl":{"start":{"line":66,"column":16},"end":{"line":66,"column":24}},"loc":{"start":{"line":66,"column":27},"end":{"line":79,"column":null}},"line":66},"10":{"name":"(anonymous_10)","decl":{"start":{"line":70,"column":12},"end":{"line":70,"column":13}},"loc":{"start":{"line":70,"column":18},"end":{"line":76,"column":3}},"line":70},"11":{"name":"(anonymous_11)","decl":{"start":{"line":74,"column":13},"end":{"line":74,"column":14}},"loc":{"start":{"line":74,"column":19},"end":{"line":74,"column":31}},"line":74},"12":{"name":"(anonymous_12)","decl":{"start":{"line":75,"column":15},"end":{"line":75,"column":16}},"loc":{"start":{"line":75,"column":21},"end":{"line":75,"column":38}},"line":75},"13":{"name":"useUserVehicles","decl":{"start":{"line":81,"column":16},"end":{"line":81,"column":31}},"loc":{"start":{"line":81,"column":40},"end":{"line":95,"column":null}},"line":81},"14":{"name":"(anonymous_14)","decl":{"start":{"line":85,"column":12},"end":{"line":85,"column":13}},"loc":{"start":{"line":85,"column":18},"end":{"line":92,"column":3}},"line":85},"15":{"name":"(anonymous_15)","decl":{"start":{"line":90,"column":13},"end":{"line":90,"column":14}},"loc":{"start":{"line":90,"column":19},"end":{"line":90,"column":34}},"line":90},"16":{"name":"(anonymous_16)","decl":{"start":{"line":91,"column":15},"end":{"line":91,"column":16}},"loc":{"start":{"line":91,"column":21},"end":{"line":91,"column":38}},"line":91}},"branchMap":{"0":{"loc":{"start":{"line":11,"column":4},"end":{"line":11,"column":null}},"type":"if","locations":[{"start":{"line":11,"column":4},"end":{"line":11,"column":null}},{"start":{},"end":{}}],"line":11},"1":{"loc":{"start":{"line":44,"column":4},"end":{"line":44,"column":null}},"type":"if","locations":[{"start":{"line":44,"column":4},"end":{"line":44,"column":null}},{"start":{},"end":{}}],"line":44},"2":{"loc":{"start":{"line":86,"column":4},"end":{"line":86,"column":null}},"type":"if","locations":[{"start":{"line":86,"column":4},"end":{"line":86,"column":null}},{"start":{},"end":{}}],"line":86}},"s":{"0":16,"1":16,"2":16,"3":16,"4":8,"5":2,"6":2,"7":6,"8":6,"9":6,"10":6,"11":5,"12":1,"13":6,"14":16,"15":6,"16":16,"17":1,"18":1,"19":16,"20":1,"21":1,"22":16,"23":12,"24":12,"25":12,"26":6,"27":2,"28":4,"29":4,"30":4,"31":3,"32":1,"33":4,"34":12,"35":5,"36":12,"37":1,"38":1,"39":12,"40":0,"41":0,"42":0,"43":0,"44":0,"45":0,"46":0,"47":0,"48":0,"49":0,"50":0,"51":0,"52":0,"53":0,"54":0,"55":0,"56":0,"57":0,"58":0},"f":{"0":16,"1":8,"2":6,"3":1,"4":1,"5":12,"6":6,"7":5,"8":1,"9":0,"10":0,"11":0,"12":0,"13":0,"14":0,"15":0,"16":0},"b":{"0":[2,6],"1":[2,4],"2":[0,0]},"meta":{"lastBranch":3,"lastFunction":17,"lastStatement":59,"seen":{"f:5:16:5:29":0,"s:6:31:6:46":0,"s:7:31:7:47":1,"s:8:31:8:44":2,"s:10:14:22:14":3,"f:10:27:10:32":1,"b:11:4:11:Infinity:undefined:undefined:undefined:undefined":0,"s:11:4:11:Infinity":4,"s:11:19:11:35":5,"s:11:36:11:43":6,"s:12:4:12:Infinity":7,"s:13:4:13:Infinity":8,"s:14:4:21:Infinity":9,"s:15:19:15:49":10,"s:16:6:16:Infinity":11,"s:18:6:18:Infinity":12,"s:20:6:20:Infinity":13,"s:24:1:24:Infinity":14,"f:24:12:24:13":2,"s:24:20:24:27":15,"s:26:22:29:20":16,"f:26:35:26:40":3,"s:27:4:27:Infinity":17,"s:28:4:28:Infinity":18,"s:31:16:34:20":19,"f:31:29:31:34":4,"s:32:4:32:Infinity":20,"s:33:4:33:Infinity":21,"s:36:2:36:Infinity":22,"f:39:16:39:24":5,"s:40:31:40:44":23,"s:41:31:41:47":24,"s:43:14:54:14":25,"f:43:27:43:32":6,"b:44:4:44:Infinity:undefined:undefined:undefined:undefined":1,"s:44:4:44:Infinity":26,"s:44:17:44:Infinity":27,"s:45:4:45:Infinity":28,"s:46:4:53:Infinity":29,"s:47:19:47:51":30,"s:48:6:48:Infinity":31,"s:50:6:50:Infinity":32,"s:52:6:52:Infinity":33,"s:56:1:56:Infinity":34,"f:56:12:56:13":7,"s:56:20:56:27":35,"s:58:17:61:20":36,"f:58:30:58:35":8,"s:59:4:59:Infinity":37,"s:60:4:60:Infinity":38,"s:63:2:63:Infinity":39,"f:66:16:66:24":9,"s:67:31:67:44":40,"s:68:31:68:47":41,"s:70:1:76:Infinity":42,"f:70:12:70:13":10,"s:71:4:71:Infinity":43,"s:72:4:75:Infinity":44,"f:74:13:74:14":11,"s:74:19:74:31":45,"f:75:15:75:16":12,"s:75:21:75:38":46,"s:78:2:78:Infinity":47,"f:81:16:81:31":13,"s:82:33:82:46":48,"s:83:33:83:49":49,"s:85:1:92:Infinity":50,"f:85:12:85:13":14,"b:86:4:86:Infinity:undefined:undefined:undefined:undefined":2,"s:86:4:86:Infinity":51,"s:86:19:86:35":52,"s:86:36:86:43":53,"s:87:4:87:Infinity":54,"s:88:4:91:Infinity":55,"f:90:13:90:14":15,"s:90:19:90:34":56,"f:91:15:91:16":16,"s:91:21:91:38":57,"s:94:2:94:Infinity":58}}}
,"C:\\Users\\pazna\\Documents\\Faks\\6. semestar\\OICAR\\fakehak-web\\src\\pages\\LoginPage.jsx": {"path":"C:\\Users\\pazna\\Documents\\Faks\\6. semestar\\OICAR\\fakehak-web\\src\\pages\\LoginPage.jsx","statementMap":{"0":{"start":{"line":6,"column":32},"end":{"line":6,"column":null}},"1":{"start":{"line":7,"column":34},"end":{"line":7,"column":null}},"2":{"start":{"line":8,"column":32},"end":{"line":8,"column":null}},"3":{"start":{"line":11,"column":4},"end":{"line":11,"column":null}},"4":{"start":{"line":12,"column":4},"end":{"line":12,"column":null}},"5":{"start":{"line":15,"column":2},"end":{"line":99,"column":null}},"6":{"start":{"line":59,"column":29},"end":{"line":59,"column":null}},"7":{"start":{"line":76,"column":29},"end":{"line":76,"column":null}}},"fnMap":{"0":{"name":"LoginPage","decl":{"start":{"line":5,"column":16},"end":{"line":5,"column":28}},"loc":{"start":{"line":5,"column":28},"end":{"line":101,"column":null}},"line":5},"1":{"name":"handleSubmit","decl":{"start":{"line":10,"column":17},"end":{"line":10,"column":30}},"loc":{"start":{"line":10,"column":33},"end":{"line":13,"column":null}},"line":10},"2":{"name":"(anonymous_2)","decl":{"start":{"line":59,"column":24},"end":{"line":59,"column":29}},"loc":{"start":{"line":59,"column":29},"end":{"line":59,"column":null}},"line":59},"3":{"name":"(anonymous_3)","decl":{"start":{"line":76,"column":24},"end":{"line":76,"column":29}},"loc":{"start":{"line":76,"column":29},"end":{"line":76,"column":null}},"line":76}},"branchMap":{"0":{"loc":{"start":{"line":89,"column":13},"end":{"line":89,"column":null}},"type":"cond-expr","locations":[{"start":{"line":89,"column":23},"end":{"line":89,"column":47}},{"start":{"line":89,"column":47},"end":{"line":89,"column":null}}],"line":89}},"s":{"0":12,"1":12,"2":12,"3":3,"4":3,"5":12,"6":1,"7":1},"f":{"0":12,"1":3,"2":1,"3":1},"b":{"0":[3,9]},"meta":{"lastBranch":1,"lastFunction":4,"lastStatement":8,"seen":{"f:5:16:5:28":0,"s:6:32:6:Infinity":0,"s:7:34:7:Infinity":1,"s:8:32:8:Infinity":2,"f:10:17:10:30":1,"s:11:4:11:Infinity":3,"s:12:4:12:Infinity":4,"s:15:2:99:Infinity":5,"f:59:24:59:29":2,"s:59:29:59:Infinity":6,"f:76:24:76:29":3,"s:76:29:76:Infinity":7,"b:89:23:89:47:89:47:89:Infinity":0}}}
,"C:\\Users\\pazna\\Documents\\Faks\\6. semestar\\OICAR\\fakehak-web\\src\\utils\\index.js": {"path":"C:\\Users\\pazna\\Documents\\Faks\\6. semestar\\OICAR\\fakehak-web\\src\\utils\\index.js","statementMap":{"0":{"start":{"line":2,"column":2},"end":{"line":2,"column":null}},"1":{"start":{"line":2,"column":12},"end":{"line":2,"column":null}},"2":{"start":{"line":3,"column":2},"end":{"line":6,"column":null}},"3":{"start":{"line":10,"column":2},"end":{"line":10,"column":null}},"4":{"start":{"line":10,"column":12},"end":{"line":10,"column":null}},"5":{"start":{"line":11,"column":15},"end":{"line":11,"column":51}},"6":{"start":{"line":12,"column":15},"end":{"line":12,"column":40}},"7":{"start":{"line":13,"column":2},"end":{"line":13,"column":null}},"8":{"start":{"line":13,"column":17},"end":{"line":13,"column":null}},"9":{"start":{"line":14,"column":2},"end":{"line":14,"column":null}},"10":{"start":{"line":14,"column":17},"end":{"line":14,"column":null}},"11":{"start":{"line":15,"column":14},"end":{"line":15,"column":35}},"12":{"start":{"line":16,"column":2},"end":{"line":16,"column":null}},"13":{"start":{"line":16,"column":17},"end":{"line":16,"column":null}},"14":{"start":{"line":17,"column":2},"end":{"line":17,"column":null}},"15":{"start":{"line":21,"column":2},"end":{"line":21,"column":null}},"16":{"start":{"line":25,"column":27},"end":{"line":30,"column":1}},"17":{"start":{"line":33,"column":2},"end":{"line":33,"column":null}},"18":{"start":{"line":36,"column":28},"end":{"line":36,"column":52}},"19":{"start":{"line":38,"column":30},"end":{"line":45,"column":1}}},"fnMap":{"0":{"name":"formatDate","decl":{"start":{"line":1,"column":16},"end":{"line":1,"column":26}},"loc":{"start":{"line":1,"column":32},"end":{"line":7,"column":null}},"line":1},"1":{"name":"formatRelative","decl":{"start":{"line":9,"column":16},"end":{"line":9,"column":30}},"loc":{"start":{"line":9,"column":36},"end":{"line":18,"column":null}},"line":9},"2":{"name":"formatCoords","decl":{"start":{"line":20,"column":16},"end":{"line":20,"column":28}},"loc":{"start":{"line":20,"column":39},"end":{"line":22,"column":null}},"line":20},"3":{"name":"getStatusMeta","decl":{"start":{"line":32,"column":16},"end":{"line":32,"column":29}},"loc":{"start":{"line":32,"column":38},"end":{"line":34,"column":null}},"line":32}},"branchMap":{"0":{"loc":{"start":{"line":2,"column":2},"end":{"line":2,"column":null}},"type":"if","locations":[{"start":{"line":2,"column":2},"end":{"line":2,"column":null}},{"start":{},"end":{}}],"line":2},"1":{"loc":{"start":{"line":10,"column":2},"end":{"line":10,"column":null}},"type":"if","locations":[{"start":{"line":10,"column":2},"end":{"line":10,"column":null}},{"start":{},"end":{}}],"line":10},"2":{"loc":{"start":{"line":13,"column":2},"end":{"line":13,"column":null}},"type":"if","locations":[{"start":{"line":13,"column":2},"end":{"line":13,"column":null}},{"start":{},"end":{}}],"line":13},"3":{"loc":{"start":{"line":14,"column":2},"end":{"line":14,"column":null}},"type":"if","locations":[{"start":{"line":14,"column":2},"end":{"line":14,"column":null}},{"start":{},"end":{}}],"line":14},"4":{"loc":{"start":{"line":16,"column":2},"end":{"line":16,"column":null}},"type":"if","locations":[{"start":{"line":16,"column":2},"end":{"line":16,"column":null}},{"start":{},"end":{}}],"line":16},"5":{"loc":{"start":{"line":33,"column":9},"end":{"line":33,"column":103}},"type":"binary-expr","locations":[{"start":{"line":33,"column":9},"end":{"line":33,"column":28}},{"start":{"line":33,"column":32},"end":{"line":33,"column":103}}],"line":33}},"s":{"0":3,"1":2,"2":1,"3":4,"4":0,"5":4,"6":4,"7":4,"8":1,"9":3,"10":1,"11":2,"12":2,"13":1,"14":1,"15":1,"16":3,"17":7,"18":3,"19":3},"f":{"0":3,"1":4,"2":1,"3":7},"b":{"0":[2,1],"1":[0,4],"2":[1,3],"3":[1,2],"4":[1,1],"5":[7,1]},"meta":{"lastBranch":6,"lastFunction":4,"lastStatement":20,"seen":{"f:1:16:1:26":0,"b:2:2:2:Infinity:undefined:undefined:undefined:undefined":0,"s:2:2:2:Infinity":0,"s:2:12:2:Infinity":1,"s:3:2:6:Infinity":2,"f:9:16:9:30":1,"b:10:2:10:Infinity:undefined:undefined:undefined:undefined":1,"s:10:2:10:Infinity":3,"s:10:12:10:Infinity":4,"s:11:15:11:51":5,"s:12:15:12:40":6,"b:13:2:13:Infinity:undefined:undefined:undefined:undefined":2,"s:13:2:13:Infinity":7,"s:13:17:13:Infinity":8,"b:14:2:14:Infinity:undefined:undefined:undefined:undefined":3,"s:14:2:14:Infinity":9,"s:14:17:14:Infinity":10,"s:15:14:15:35":11,"b:16:2:16:Infinity:undefined:undefined:undefined:undefined":4,"s:16:2:16:Infinity":12,"s:16:17:16:Infinity":13,"s:17:2:17:Infinity":14,"f:20:16:20:28":2,"s:21:2:21:Infinity":15,"s:25:27:30:1":16,"f:32:16:32:29":3,"s:33:2:33:Infinity":17,"b:33:9:33:28:33:32:33:103":5,"s:36:28:36:52":18,"s:38:30:45:1":19}}}
}
